(a*((a+(((a+a+a+((a+(((((E)+T+T+T+T)))*F*F)+T+T)*F+T+T+T))*F+T))+T+T+T)+T)*F)+T+T
((a)*a*a)+((a*(a)+a)+a*a)*a*(a)*a*((a*(((((T*F+T)+T))+T+T+T)+T)+T+T)*F*F)+T+T+T+T
a*((a+a))
((a+a))
(a+a+(a*((a))+(((a*a*a)+(a*(a*(((T*F)+T+T)*F*F*F*F*F*F*F+T))+T+T)*F*F+T)))*F*F+T)
a+a*a*(((a)*a*(a*((a*a)*((a*(a*a*a*a)*a*((E+T+T+T)+T)*F+T+T)*F*F*F*F))*F+T))*F)+T
a+a*(a*(a*(a)))*(((a*(a*(a)*a*(a+a+((a*a+(E+T)+T)))+T+T+T+T)*F)*F*F*F+T)*F+T+T)+T
a*(a)*a*(a*a+a*a*((a*(a*a*(a*a)*a+(a*a)+(a+a*a)+a*(((E)+T))+T+T+T+T))))*F*F*F+T+T
a*a+a
(a*a*a*(a*a*a+a*a*a*a+(((a*a*(((a*a)*a*(T*F*F))+T+T)+T+T)*F+T)+T+T+T)+T)*F*F+T+T)
a*a*a+a*(a+a*a+(a*a+(((a+a*a+a+(a+a*((E))+T))*F*F)*F*F+T+T)*F+T+T+T+T)*F+T+T+T)+T
a*a*a*a
((((a*(a*a*a*((a*a*((((a*((E+T))))))*F+T)*F*F+T)+T+T+T))*F*F*F)*F)+T+T+T)*F*F+T+T
((a*a)*a)*((a*((a+(a+(a+a*(a+((a*a)))+((a+a*a)+a*a*a)*(T*F)*F))+T+T))*F*F))*F+T+T
a
(((((a*(a+a*a*a)+(a+a*a*a+(a*a)*(a))+T*F*F*F*F*F)*F*F*F*F)*F*F+T+T))*F*F*F+T+T+T)
((((((a)*a*a*(a)+(a*(a)*(a+a*a*(a)+a*((a+(a)+(a*a+T*F*F)*F*F+T+T)*F+T+T))*F))))))
a*((a)+((a*a*a+(a*a)+a)))+a+(a)*a+(a)*a
((a*a*a)+a*a*(a)*a)+a*a*(a*((a+((a*(a*a+(((E+T+T+T)*F*F)*F)*F)*F*F+T)))+T)*F*F+T)
a
(a)*a*a*(a*a+(a*((a*((a)+(((((E+T+T+T+T)+T+T+T+T+T))+T)+T+T+T))+T)+T)*F+T+T)*F*F)
a
(a*((a*a*a*(a*(a+a)*((a*a)*a+a*(a*a+((E)+T)+T)+T+T+T))*F*F*F*F*F+T)*F)*F+T+T+T)+T
a+a*(a+a*a)+a
a+(a*a*a)
a*a*a*(a*a*((((a*a)*a*a*(a*a*(((((E+T))*F+T)+T+T+T)*F)+T+T)+T+T)*F)*F*F*F*F))+T+T
a*((a*(a*((((((a*(a+(a*a*a)*a+a))*(a))*(E)*F)*F*F)*F+T+T+T)*F)*F*F))+T)+T+T+T+T+T
(((a)+a*a)+a)
a*a+(a*a)*a+a*(((a))+(((a*(a*a*(a)))*a*(a+a*(a+(a+T*F))+T)+T)*F+T)*F*F+T)*F*F*F*F
((a*a+((a+(((a+((a+(((a)+(T*F+T)*F*F*F)*F*F)*F+T)*F*F+T)*F)*F*F)*F*F)))*F+T+T))*F
a
(a*a*(a)*a)
(a*(a*a*a*a*(((a+((a+(a*((a)*a*(E)*F*F*F*F*F*F*F)*F+T+T+T))+T+T+T))+T))*F)+T+T)*F
a+a*a*((((a)*a)))+((a*(a*(a*((a)*((a*a)*(a))+(a))*(((T*F+T)*F)*F)*F*F)+T)+T+T+T))
a*a+a*a*((((((a)*((E)*F*F*F*F*F+T+T+T+T+T))*F+T+T)+T+T+T+T)*F*F*F*F*F*F*F*F))+T+T
(a*a+a*(a*a*(a)*a*a)*a*(a*a*a+(((a*((a)*(T*F*F+T))))*F+T)+T)*F*F)*F*F*F*F*F*F*F+T
a
((a*a*a))*(((a+((((a)*(((a+(a+T*F*F)*F)*F+T+T))*F*F*F+T+T)+T+T)+T)+T+T)+T+T)*F)*F
a
(a+a+((a+a*((a*((a+((a+(a+a*a*(((T*F*F*F*F+T)*F))))*F+T+T+T)*F*F*F)+T))+T)+T)+T))
((a+((a)+(a*((((a*((a)*a*(a+T*F)*F*F))+T+T)*F)*F*F+T)*F)*F*F*F*F*F*F+T+T))*F+T+T)
a+a
a*((a*(a*a*(a*a+a*((a+((E+T))*F)*F*F*F)*F*F+T)*F*F)*F*F+T+T+T+T)*F*F+T+T)*F*F+T+T
(((a+(a*(a+a+a*((a*a*a*a+((E)*F)+T+T)+T)*F*F+T)*F*F+T)*F*F*F*F*F*F*F)*F*F))+T+T+T
a*(((((a*a+a+(a))+((E+T)*F*F*F*F+T+T+T)+T)+T+T+T+T)*F*F)*F*F+T)*F*F*F*F*F*F+T+T+T
a+a+((a*a+a*(((a)))*a*a)+((a+(((a+(a*a*(a+(a)*a+a)*a*((T*F)))*F))*F+T))*F*F)*F+T)
(a*((((a))*a*((a*a*a+(a*((a+(a+a*((a*a)+T*F+T))*F)+T+T+T))+T+T)+T+T))*F)*F+T)+T+T
(a*a)*a+a
(a*a+a)*a
a
a*(a)+(a)*(((a*a+a+(a*(a)+(E+T+T+T)*F*F*F*F+T+T+T+T+T+T+T+T)*F*F)+T)+T+T+T+T+T)+T
(a+(a*(a*a*a*(((a)*((a*((a*((E+T+T+T)*F*F)*F+T))*F)))*F*F)+T))*F*F*F*F*F*F+T)+T+T
(a*a*(((a+(a+a*a*a*a+a)*a*a))*a)*a*(a+a*a+(E+T+T+T+T+T)*F*F*F)*F+T+T+T+T+T+T)*F+T
a*a+((a*a+(a+((((a+a*((a+((E+T)+T)+T+T+T)+T)*F*F)*F)*F*F*F*F*F))*F*F)*F+T))*F+T+T
a
((a)*a*a*a*(((a*a)*(a*a)+a*a*((((E+T)+T)*F*F*F)*F*F*F*F*F+T+T)*F)*F)*F*F*F)*F*F+T
a
((a)*((((((a*(a)*(((((a)*(a*a*(a+(a+(E))))+T+T)))+T+T))))+T))*F+T)*F*F+T+T+T)*F*F
a*(a*(a*a*a+(a))*(((a*a*a)+a+a)*(a*a)*((((a+a))*a*(a*a*a)+(E)*F*F+T)*F)+T+T)+T)+T
((a)*a*a*(a*a*(a*a+(((a*a*(((T*F)*F*F)*F*F*F*F+T)+T)*F)+T+T+T))+T+T+T+T)+T+T)*F+T
((a))+a
(a+a)*a+(((a*(a)*(a)+a)+(((a+a)))+(a*a+(((a+((E))+T+T))*F+T+T))*F+T+T)+T+T+T+T)*F
(((a*(((a))+a*a)*(a)+a)))
((a+(a*a*((a)+(a*((a*(a*a)*a+a*(a+(a))*a)*a*(a*a))*a*a))+(E)+T)*F*F*F*F*F*F*F))*F
(a+(a+a+a+(a))*a*(((((a+(((((a*a+T*F*F)*F*F*F+T))*F*F*F+T+T+T)+T)))*F+T+T)*F)))+T
(a+(a)+(a+a*a*(a))*(((a*((a*a*a*a+a*((E+T)+T+T+T))))*F*F*F*F+T+T+T+T+T+T)*F)*F*F)
a*(a)*((a)+(((a+(a*a*a)+((a+a*a*a*(a+(T*F))+T)))*F*F*F)*F*F*F+T)*F*F+T+T+T)+T+T+T
a
(a+a+(a))+a+a*((((a*(a)+((a+(((T*F)*F*F)+T)))*F+T)*F*F*F)+T+T)*F*F*F)*F*F*F*F+T+T
a*a+((a+(((a)*(a)+a*(a))+a)*a*a)*a)*(a*(a+a*((a)+a*a+((E)*F*F)*F*F*F+T)*F+T)+T)+T
(a)*((a+a)*((((a+(((((E))*F*F)+T+T))*F+T)*F*F*F*F*F*F*F*F+T+T)*F*F*F)*F))*F+T+T+T
a*(a+(a+a)+(((a*a*a*(a*(a*a+(a)*(a)*a+a+(E+T+T+T+T+T)*F*F*F)+T)*F)*F))*F+T)*F+T+T
(((a+a+a)+(a*(a)*(a)*a*(((a*a)+((a*(E))*F+T+T)*F*F*F)*F+T+T+T+T)*F*F*F+T)*F+T)+T)
a*a
((a+a)+((a)*a*(a)*(a*(a*(a*(a*(a*a+a*(a)*(T*F+T)*F*F)+T)*F+T)*F*F+T+T))+T+T))+T+T
a+a
a+((a*a+(a))*((a)*a+a)*a*(a+(((a*((E+T+T)*F)+T)*F+T+T+T+T+T)*F+T+T)*F*F*F*F+T)+T)
a*a+(((a)))+a*a+a*a*(a*a*a*(a)+((a+(((a+a)+a))*a*((a*a)*(E)+T)*F*F+T)*F*F+T)*F)*F
((a*a*(a*a*((((a*a*a*(((a*((a+a)*(T*F*F+T+T+T)*F*F*F+T+T))*F)+T))*F+T)+T)+T)*F)))
(a+a*(((a*a*a*((a*a*((a+((a)+T*F)*F+T+T+T+T)*F*F*F+T))*F))*F)*F*F*F+T+T)+T)*F+T+T
a*a*a+a*((a*a*a*a+a*((a*(a))*(((a*(T*F)*F)*F)*F*F*F)*F*F*F*F*F+T+T+T+T)+T+T+T))+T
(a)
(a*a)+a*((a*a+((a+a))*a+a*(a+(a*(a)*a+(((((T*F*F*F*F))*F*F+T+T))*F*F)+T)*F+T)))+T
(a*a*a+a*((a*(a)*(a*a*(((a*a))*((a*a)+((a)+T*F))+T)*F)+T+T)*F*F*F+T))*F*F*F*F*F+T
((((((a*a*((a*(a)+(a*a*a*a+(a*(a)+T*F))*F)+T))+T+T)*F+T+T)*F*F*F*F)*F)*F*F+T)*F+T
((a*a)+(((a+a*(((((a)*((a+a))+a*a+a*(E)+T)*F)*F*F*F)*F*F*F)*F*F*F+T+T))+T)+T)*F+T
a
((((((a+(a*(a*a*((a*a*(((a+a*(a*a)+a*(a)+T*F*F)+T)))*F+T)*F*F)*F))*F*F)))+T+T)+T)
((((a*(a*a*(a+a)*(a*((a*(a*((a+a))+T*F+T)*F+T+T)+T)+T+T+T)*F)*F+T+T)*F))*F*F*F*F)
a
a
a*a+((((a)*((a+a*((a*(((a*a*a)*(E)+T+T+T+T)*F*F*F*F)*F*F)+T+T)*F)))*F*F+T+T))+T+T
(((a*a)*a+(a)*(a+(((a)*((((a*(a)*(E+T)+T)*F+T+T+T+T)*F+T+T+T)*F*F)*F)*F+T)+T)*F))
a*((a*(a+a*a+a+(a*(a)+a))+a+a)*a)
a+((a+a*a*a*(a)*a*(a+(((((E+T))*F*F*F+T+T+T))+T)*F*F*F*F*F*F*F+T+T)*F+T+T)*F+T)*F
a
(a*(a)*(a))*(a+(a)+a*a+a+(a)+a)*(a*((((((E+T+T+T)*F+T+T)+T+T+T+T+T)+T+T+T)+T)))*F
((((a*a))*(a+(a+a+a+(((T*F)*F*F+T+T+T+T+T+T+T)*F)*F*F*F*F*F)*F*F+T+T)*F+T)+T)*F*F
a*(a)*(a*a*a+a*a+a*(a*a))+(((a)))*((a)*((a*((T*F*F*F)*F*F+T+T)*F+T+T))*F+T)*F*F*F
(a)+a*(((a*a+a+a+a)*a)*a*(a)*((((a+(a)*a+a)))*a*a))+a*((a*a))+a*a*(a*(E+T+T+T))*F
a*a*a+(a+((a*a+a*(a)+a+a)*a*a*(a+a)*(a*a)*(a*a*(a*a*(E)*F*F+T)*F)*F*F)*F*F+T+T+T)
(a)*(a+a+(((a*((a))*(((a)*((a)*a))*a)*((a+(E+T)+T)*F)*F+T+T+T))*F+T))*F+T+T+T+T+T
a+a
(((a+a*(a*(a*((a*(((((((E+T)))*F*F*F)+T)+T+T+T))+T))*F*F+T+T)*F*F+T))+T)*F*F+T)*F
a*a*(a*(((a)*a))*a*(a*a+a+a*((((a*a*a+(a*((E+T+T)*F*F)+T+T+T)+T))+T+T+T)+T)+T))+T
a
(a)*a
((a*a*(a*a*a*a)*a*a*(a*a*a+(a)*a*(a*(((E+T+T+T)*F+T+T)*F)*F*F+T))+T)+T)*F*F*F*F*F
(a)*(a)
a*(a)*(a+a*(a*(((a*a+a)*a+(a*a*(T*F*F*F))*F+T+T+T)*F*F*F*F*F*F+T)*F*F*F*F+T))*F+T
a+a*(a*a*(a*((a+a*a*a*((T*F+T+T+T+T+T+T+T)+T+T+T+T))*F+T)*F*F)*F*F*F*F*F)*F+T+T+T
a*(a)
((a+a+((a*(a*((((a+(a)*(a*a*((T*F+T)+T+T)+T))*F))*F*F*F*F*F)+T)))*F+T+T)+T+T+T)+T
(a)*((a*a))+((((a)*((a*a+a*a*((((E)*F*F*F))*F*F*F*F+T+T)+T)*F))*F*F*F+T+T)*F+T)+T
(a)*a*(a*a*((((((a*(((((a*(a))+((E+T))+T+T)*F*F*F*F*F))))+T+T+T+T)+T+T)))))*F*F+T
a*(a+(((a))+a)*a+((a+((a*a*(a*a+((a)*a*a*a*(E)*F*F+T+T)*F+T)*F*F*F)*F*F)*F))+T+T)
(a*(a))+((a))*(a)+a+a+a+((((a*(a)*(((E)*F*F*F))*F+T+T)*F*F*F+T)*F*F*F*F+T)*F*F*F)
a*((((((a*(((a*((a)))+T*F)*F*F*F*F*F*F*F*F*F+T)*F*F*F))+T)+T)*F*F*F)*F*F*F*F)+T+T
a*a
a
a*(a+((((a*a+a*(a*a*(a*(E)+T+T)+T)*F*F*F*F+T+T)*F*F*F*F+T+T+T+T+T+T)*F*F)*F+T)+T)
((a+((a*((a)*(((((a+a*a+(a+T*F+T+T+T+T)*F+T+T)+T)*F)*F*F+T)))*F*F))*F*F*F)*F)+T+T
(((((a+(a*a+a+(a*a+a*(a)*a*(a*a)+(a*(E)*F)*F+T+T+T)*F+T))*F+T+T)+T+T)*F+T)+T+T)+T
(a+(a*a+(a*(a+a*a+a*(a+(a)*((E+T)*F)*F+T+T)*F+T+T+T+T+T+T))*F*F+T+T+T+T+T)*F)+T+T
(((((a+a+((((a+a*a+(a*(((((E+T+T+T)))*F+T)*F+T)*F+T)*F*F)*F))*F)*F+T))*F+T)+T))+T
(a*(a+a)+a+(a*a)*a*a+a*((((a+a+a)*(E+T+T))*F)*F*F*F*F)*F*F+T)*F+T+T+T+T+T+T+T+T+T
a*a*((a+(a))+(a*(((a+(a)*(a+a*a*a*(a+(T*F+T+T+T+T))*F)+T+T)+T)*F)*F)*F*F*F*F+T)*F
a+a*(((a)*((a*(((((a+a+a))*a*(a+a+(((E+T))*F*F*F)*F)*F+T+T))+T+T))))*F*F*F+T)*F+T
((a*a*(a*(((a))*(a*(((a*a+a+(E)+T))*F)*F*F*F*F+T+T+T+T)+T))*F*F*F*F+T+T+T)+T)*F*F
a*(a+((a)*a+((a+a*a)+((a*(a+((E)*F*F*F*F+T+T)+T+T)*F*F*F+T+T)))*F*F+T+T)+T)*F*F+T
((a*a+a*(a+(a)*a*(a*(a))+a)))*a*a+(a*a*(a*a*((E+T+T+T)*F*F*F*F)*F*F*F*F)*F*F+T)+T
(a*a)+(a*a*a*((a*a))*(a)+a*(((a*a)+a)*a*a+((((a*((a+(E))))+T))*F+T))*F+T+T+T+T)+T
(a*(a*a*a))
(a*a+((a*(a*(a*(a*(a+(T*F*F)*F*F)+T)+T+T+T)*F*F*F*F)*F*F+T+T+T)*F*F+T+T))*F*F*F+T
a
a+(a)*(a*(((a*a)*a*(a)+(a+(a+(a*a*a+a))+a*((a)+(a*a+(T*F+T)*F+T+T)+T+T)))*F))+T+T
((a*a)+(((((a+((T*F*F*F*F)+T)*F*F*F*F+T+T+T))*F+T+T)*F*F*F+T+T+T)*F+T)*F*F)+T+T+T
a*a
((a*a*((((a)*a*(a+a)*a*a*(a*a*(a*a*(((a+(a*((E+T))*F)))*F*F)))*F*F)+T+T)+T))*F)+T
(((a*(a)*(a+a)+((a+(a*(a*(a*(a*a*((a+T*F*F)*F*F*F)+T+T+T)+T+T)))*F))*F)*F*F+T))*F
a*(a)*a
a*a+a+a*(a*a*a*a)+((a*a)*((a+a*a*(a*a+a*(a+a*a+a*(T*F)*F+T)+T)+T+T)+T+T+T)+T)+T+T
(a*(((((a)+(a*(a+(a)*a*(a*(a))*a*a)))*a*(a+((((E)*F*F)+T+T+T)*F+T))*F))*F)+T+T)*F
(((((((a)+(a+a*a))+a+a+a)*a*a+a)+a)*(a*a+(a*a)+(E+T+T+T)*F*F*F*F)*F*F*F)+T+T)*F*F
a*a*a+(((a)+((((((a))+(a*(a+a)*(E)*F+T)+T+T+T)+T)*F)*F*F*F*F*F*F*F+T+T)*F*F*F*F))
(a*a)*a*(a+a+a*a*(a+a+a))
((a*(((a+(a+a*(a)*(E+T+T+T+T)*F)*F+T)+T+T)*F*F*F*F*F+T)*F*F*F*F*F+T)*F*F*F+T)*F+T
((a)*((a*(a*a))))
a*a*(((a+a+a)+(a)*(a)))+a*(a*a)+a*(a*a*(((a)*(a+a*(E+T)+T+T+T+T))+T+T+T+T+T)*F+T)
a*(a*((((a*a)+a*a*a*(a*((a*(a))*(a+T*F+T+T+T+T+T+T)*F*F)*F*F*F*F*F*F)*F))))*F*F*F
a*a
a
a*a*a+(((a*a*a)*a*(a*a)*a+(((((a+a*(a+(E)*F*F*F+T+T))*F*F*F)*F+T+T+T))+T)*F+T)+T)
((a*(((a))))*a*a+a*((a*a)+a*a*(T*F*F*F*F*F*F+T+T)*F*F*F+T+T+T)+T+T)*F*F*F*F*F+T+T
((a*a)+a*(a)*a)
a*(((a+a+a*a*a)))*(((a*a*a*(((a+(a*a*a*a+(((E)*F+T+T))*F+T)*F*F)+T)))+T+T)*F)+T+T
(((a*a)*a*((a+a*(((a)+(a*a*a*(a*(T*F*F+T)*F*F*F+T))+T+T))*F+T+T+T)+T+T+T+T)*F+T))
(a*a+(((((a*(((E)*F*F*F+T+T+T+T)*F*F*F*F)*F*F*F*F+T+T+T)+T)*F)*F*F)*F*F*F*F))+T+T
(((((a*a+a*(((((a*a*a)*(a)*a+(E+T)*F+T)+T)+T+T)*F+T)*F*F*F)+T)*F)*F*F*F)+T+T+T)+T
a
a
a
((((a+a*a*a*a+(a*((a*a*(T*F)*F*F*F)*F*F*F*F*F*F)*F+T)*F+T)+T)+T+T)+T+T)*F*F+T+T+T
((a*((a+(((a*a*(a*((((a)))+a+(a+a))))*a*a*(T*F)))*F*F)*F+T+T)*F+T+T+T+T+T+T)*F*F)
a+((a)*a)*a
((a+(a*(((((a*a))*a*((((a)*a+a*(((E)*F)))*F*F*F)*F*F+T+T)+T+T)+T))*F)*F*F*F+T))+T
(a+(a))
a+(a*(a)*a)*a*a*a
a*(a*(a)*((a*a)+((a*(a))*((((((a)+(((E+T+T+T)*F))*F+T+T)*F+T)))*F*F)+T)*F+T))+T+T
a*a
((a*(a*a*(a)*a*(a+(a+a*a)*a)+a)+((a*a+a+a)*((((a+(E))))*F*F*F+T+T+T+T+T)*F+T))*F)
a
a+(a*(a+((a*a*a*(a*(a+(((T*F+T+T+T)*F)*F+T+T)*F*F)))*F)+T+T+T+T)+T+T)*F*F+T+T+T+T
a*((a*a*a*(a)*(a+a*((a*a*a+(T*F)*F*F*F+T)+T)+T+T+T+T)+T)*F*F+T+T+T+T+T)*F*F*F*F*F
a+(a*a+a+a)*(((a*(a))+a*((a+(((a+a+a)*(E)+T+T+T+T)*F+T))+T)+T+T+T+T+T+T+T+T+T)+T)
a*a*a+a*a
a*(a+((((((((((E)*F*F))*F*F)*F)+T+T+T+T)*F*F*F*F*F)*F))*F*F)+T)*F*F*F*F*F*F+T+T+T
((a*a*((a))*a*a+a*a+(a+(a*a)*a*a*a*(a*(a+a)*a+((T*F)*F+T+T+T+T))*F+T+T))*F+T+T+T)
((a)*a)
a*a*a+((((a)+a*(a*a+(a*a*a*a*(((a*(a)+((a+T*F*F)*F*F)*F))+T+T)*F+T)+T+T)+T)))*F*F
a
(a*(a*(((a*((a*a*(a*a))+a*a*a*a+T*F+T+T)*F*F*F)*F*F*F*F+T+T+T)*F*F*F*F*F+T)*F))+T
a*(a*((a)*a+(((((((((a)*a+(E)*F))*F+T+T)+T))*F+T+T+T+T)*F+T+T+T))+T+T)*F+T)*F+T+T
(a*(a))*(a*a*(((a*a+a+(a)*((a*a*a))*a*a))+a+a)*a*a*(a+a*(a))*(a)*(a*(E+T)*F)+T+T)
a+a
a*a*((((((a)+a)))*a))+a
a
a*a*a*a*((a*a*a*a+(a+a*a*(a*a*a*a*a*(a*a)+(a*((((E)*F+T+T)*F)*F+T))*F))*F*F*F+T))
a
a*(a+((a*((a+a*a*a+a)*a*a+((a)))+(a)*a)+a*a*a))+((a+a*(T*F+T)*F+T+T+T+T)+T)*F*F+T
(a*((a)+((a*(a*a)))*a*(((((a*a*a*(E+T)*F*F+T+T)+T)*F)*F)*F+T+T)+T)*F*F*F+T+T+T+T)
a*a*a*(a*a)*a*a*a*a
((a)*(a*a))*(a)
(a)*a*a*(a)*(a*a*(a+a*(a))+((a*a+((((a*(a+a*a)*a))+T*F*F*F*F)*F+T+T)+T)*F*F))+T+T
((((a+(a*((a+(a))+(a+a))+(E+T))*F*F+T+T)+T+T+T+T+T+T+T+T+T+T+T)*F*F)+T+T+T+T+T)*F
a*a+(((a*a*a+((((a*((a*a*a+a*(T*F+T+T+T))*F*F+T)+T+T+T+T+T))*F*F+T))*F*F*F)*F))+T
(a)
a*a+a*((a*((((a)*a*((a*((a*a*(a)*(E)*F+T))+T+T+T)*F+T)*F*F*F+T+T))*F*F*F*F)*F))*F
(a+(((a*a)*a*((a*a*a)*a+a*((a))*a)+a)+((E+T+T)*F+T+T)*F*F*F*F*F*F*F*F*F*F)*F*F*F)
a*(a+a)
